[10-Dec-2017 02:31:10 UTC] PHP Warning:  include(login.php): failed to open stream: No such file or directory in /home/ubuntu/workspace/FrontEnd-WebPage/index/user_profile.php on line 3
[10-Dec-2017 02:31:10 UTC] PHP Stack trace:
[10-Dec-2017 02:31:10 UTC] PHP   1. {main}() /home/ubuntu/workspace/FrontEnd-WebPage/index/user_profile.php:0
[10-Dec-2017 02:31:10 UTC] PHP Warning:  include(): Failed opening 'login.php' for inclusion (include_path='.:/usr/share/php:/usr/share/pear') in /home/ubuntu/workspace/FrontEnd-WebPage/index/user_profile.php on line 3
[10-Dec-2017 02:31:10 UTC] PHP Stack trace:
[10-Dec-2017 02:31:10 UTC] PHP   1. {main}() /home/ubuntu/workspace/FrontEnd-WebPage/index/user_profile.php:0
[10-Dec-2017 02:31:10 UTC] PHP Warning:  mysqli_query() expects parameter 1 to be mysqli, null given in /home/ubuntu/workspace/FrontEnd-WebPage/index/user_profile.php on line 12
[10-Dec-2017 02:31:10 UTC] PHP Stack trace:
[10-Dec-2017 02:31:10 UTC] PHP   1. {main}() /home/ubuntu/workspace/FrontEnd-WebPage/index/user_profile.php:0
[10-Dec-2017 02:31:10 UTC] PHP   2. mysqli_query() /home/ubuntu/workspace/FrontEnd-WebPage/index/user_profile.php:12
[10-Dec-2017 03:07:24 UTC] PHP Warning:  include(login.php): failed to open stream: No such file or directory in /home/ubuntu/workspace/frontend_webpage/index/user_profile.php on line 3
[10-Dec-2017 03:07:24 UTC] PHP Stack trace:
[10-Dec-2017 03:07:24 UTC] PHP   1. {main}() /home/ubuntu/workspace/frontend_webpage/index/user_profile.php:0
[10-Dec-2017 03:07:24 UTC] PHP Warning:  include(): Failed opening 'login.php' for inclusion (include_path='.:/usr/share/php:/usr/share/pear') in /home/ubuntu/workspace/frontend_webpage/index/user_profile.php on line 3
[10-Dec-2017 03:07:24 UTC] PHP Stack trace:
[10-Dec-2017 03:07:24 UTC] PHP   1. {main}() /home/ubuntu/workspace/frontend_webpage/index/user_profile.php:0
[10-Dec-2017 03:07:24 UTC] PHP Warning:  mysqli_query() expects parameter 1 to be mysqli, null given in /home/ubuntu/workspace/frontend_webpage/index/user_profile.php on line 12
[10-Dec-2017 03:07:24 UTC] PHP Stack trace:
[10-Dec-2017 03:07:24 UTC] PHP   1. {main}() /home/ubuntu/workspace/frontend_webpage/index/user_profile.php:0
[10-Dec-2017 03:07:24 UTC] PHP   2. mysqli_query() /home/ubuntu/workspace/frontend_webpage/index/user_profile.php:12
